# JRE version: OpenJDK Runtime Environment (8.0_152-b02) (build 1.8.0_152-release-1024-b02)
# Java VM: OpenJDK 64-Bit Server VM (25.152-b02 mixed mode windows-amd64 compressed oops)
Heap:
 PSYoungGen      total 357888K, used 156394K [0x00000000e0000000, 0x00000000f9400000, 0x0000000100000000)
  eden space 333312K, 46% used [0x00000000e0000000,0x00000000e97a8ed0,0x00000000f4580000)
  from space 24576K, 4% used [0x00000000f7c00000,0x00000000f7d11bc0,0x00000000f9400000)
  to   space 27136K, 0% used [0x00000000f5f00000,0x00000000f5f00000,0x00000000f7980000)
 ParOldGen       total 215040K, used 60308K [0x00000000a0000000, 0x00000000ad200000, 0x00000000e0000000)
  object space 215040K, 28% used [0x00000000a0000000,0x00000000a3ae50f0,0x00000000ad200000)
 Metaspace       used 78366K, capacity 81650K, committed 81792K, reserved 1120256K
  class space    used 10134K, capacity 10866K, committed 10880K, reserved 1048576K
GC Heap History (10 events):
Event: 13.725 GC heap before
{Heap before GC invocations=11 (full 2):
 PSYoungGen      total 261120K, used 52671K [0x00000000e0000000, 0x00000000f1b80000, 0x0000000100000000)
  eden space 244224K, 14% used [0x00000000e0000000,0x00000000e22f4940,0x00000000eee80000)
  from space 16896K, 99% used [0x00000000f0400000,0x00000000f147b530,0x00000000f1480000)
  to   space 22016K, 0% used [0x00000000eee80000,0x00000000eee80000,0x00000000f0400000)
 ParOldGen       total 161280K, used 26817K [0x00000000a0000000, 0x00000000a9d80000, 0x00000000e0000000)
  object space 161280K, 16% used [0x00000000a0000000,0x00000000a1a30660,0x00000000a9d80000)
 Metaspace       used 57108K, capacity 58846K, committed 59008K, reserved 1099776K
  class space    used 7773K, capacity 8196K, committed 8320K, reserved 1048576K
Event: 13.752 GC heap after
Heap after GC invocations=11 (full 2):
 PSYoungGen      total 266240K, used 20995K [0x00000000e0000000, 0x00000000f9400000, 0x0000000100000000)
  eden space 244224K, 0% used [0x00000000e0000000,0x00000000e0000000,0x00000000eee80000)
  from space 22016K, 95% used [0x00000000eee80000,0x00000000f0300e50,0x00000000f0400000)
  to   space 24576K, 0% used [0x00000000f7c00000,0x00000000f7c00000,0x00000000f9400000)
 ParOldGen       total 161280K, used 26825K [0x00000000a0000000, 0x00000000a9d80000, 0x00000000e0000000)
  object space 161280K, 16% used [0x00000000a0000000,0x00000000a1a32660,0x00000000a9d80000)
 Metaspace       used 57108K, capacity 58846K, committed 59008K, reserved 1099776K
  class space    used 7773K, capacity 8196K, committed 8320K, reserved 1048576K
}
Event: 13.752 GC heap before
{Heap before GC invocations=12 (full 3):
 PSYoungGen      total 266240K, used 20995K [0x00000000e0000000, 0x00000000f9400000, 0x0000000100000000)
  eden space 244224K, 0% used [0x00000000e0000000,0x00000000e0000000,0x00000000eee80000)
  from space 22016K, 95% used [0x00000000eee80000,0x00000000f0300e50,0x00000000f0400000)
  to   space 24576K, 0% used [0x00000000f7c00000,0x00000000f7c00000,0x00000000f9400000)
 ParOldGen       total 161280K, used 26825K [0x00000000a0000000, 0x00000000a9d80000, 0x00000000e0000000)
  object space 161280K, 16% used [0x00000000a0000000,0x00000000a1a32660,0x00000000a9d80000)
 Metaspace       used 57108K, capacity 58846K, committed 59008K, reserved 1099776K
  class space    used 7773K, capacity 8196K, committed 8320K, reserved 1048576K
Event: 14.009 GC heap after
Heap after GC invocations=12 (full 3):
 PSYoungGen      total 266240K, used 0K [0x00000000e0000000, 0x00000000f9400000, 0x0000000100000000)
  eden space 244224K, 0% used [0x00000000e0000000,0x00000000e0000000,0x00000000eee80000)
  from space 22016K, 0% used [0x00000000eee80000,0x00000000eee80000,0x00000000f0400000)
  to   space 24576K, 0% used [0x00000000f7c00000,0x00000000f7c00000,0x00000000f9400000)
 ParOldGen       total 215040K, used 38148K [0x00000000a0000000, 0x00000000ad200000, 0x00000000e0000000)
  object space 215040K, 17% used [0x00000000a0000000,0x00000000a2541390,0x00000000ad200000)
 Metaspace       used 57108K, capacity 58846K, committed 59008K, reserved 1099776K
  class space    used 7773K, capacity 8196K, committed 8320K, reserved 1048576K
}
Event: 32.180 GC heap before
{Heap before GC invocations=13 (full 3):
 PSYoungGen      total 266240K, used 244224K [0x00000000e0000000, 0x00000000f9400000, 0x0000000100000000)
  eden space 244224K, 100% used [0x00000000e0000000,0x00000000eee80000,0x00000000eee80000)
  from space 22016K, 0% used [0x00000000eee80000,0x00000000eee80000,0x00000000f0400000)
  to   space 24576K, 0% used [0x00000000f7c00000,0x00000000f7c00000,0x00000000f9400000)
 ParOldGen       total 215040K, used 38148K [0x00000000a0000000, 0x00000000ad200000, 0x00000000e0000000)
  object space 215040K, 17% used [0x00000000a0000000,0x00000000a2541390,0x00000000ad200000)
 Metaspace       used 64588K, capacity 66794K, committed 67072K, reserved 1107968K
  class space    used 8553K, capacity 9128K, committed 9216K, reserved 1048576K
Event: 32.205 GC heap after
Heap after GC invocations=13 (full 3):
 PSYoungGen      total 357888K, used 24497K [0x00000000e0000000, 0x00000000f9400000, 0x0000000100000000)
  eden space 333312K, 0% used [0x00000000e0000000,0x00000000e0000000,0x00000000f4580000)
  from space 24576K, 99% used [0x00000000f7c00000,0x00000000f93ec4c0,0x00000000f9400000)
  to   space 27136K, 0% used [0x00000000f5f00000,0x00000000f5f00000,0x00000000f7980000)
 ParOldGen       total 215040K, used 38156K [0x00000000a0000000, 0x00000000ad200000, 0x00000000e0000000)
  object space 215040K, 17% used [0x00000000a0000000,0x00000000a2543390,0x00000000ad200000)
 Metaspace       used 64588K, capacity 66794K, committed 67072K, reserved 1107968K
  class space    used 8553K, capacity 9128K, committed 9216K, reserved 1048576K
}
Event: 230.070 GC heap before
{Heap before GC invocations=14 (full 3):
 PSYoungGen      total 357888K, used 357120K [0x00000000e0000000, 0x00000000f9400000, 0x0000000100000000)
  eden space 333312K, 99% used [0x00000000e0000000,0x00000000f44d3e48,0x00000000f4580000)
  from space 24576K, 99% used [0x00000000f7c00000,0x00000000f93ec4c0,0x00000000f9400000)
  to   space 27136K, 0% used [0x00000000f5f00000,0x00000000f5f00000,0x00000000f7980000)
 ParOldGen       total 215040K, used 38156K [0x00000000a0000000, 0x00000000ad200000, 0x00000000e0000000)
  object space 215040K, 17% used [0x00000000a0000000,0x00000000a2543390,0x00000000ad200000)
 Metaspace       used 76167K, capacity 79008K, committed 79104K, reserved 1118208K
  class space    used 9842K, capacity 10477K, committed 10496K, reserved 1048576K
Event: 230.149 GC heap after
Heap after GC invocations=14 (full 3):
 PSYoungGen      total 360448K, used 17736K [0x00000000e0000000, 0x00000000f9400000, 0x0000000100000000)
  eden space 333312K, 0% used [0x00000000e0000000,0x00000000e0000000,0x00000000f4580000)
  from space 27136K, 65% used [0x00000000f5f00000,0x00000000f70521d8,0x00000000f7980000)
  to   space 24576K, 0% used [0x00000000f7c00000,0x00000000f7c00000,0x00000000f9400000)
 ParOldGen       total 215040K, used 47252K [0x00000000a0000000, 0x00000000ad200000, 0x00000000e0000000)
  object space 215040K, 21% used [0x00000000a0000000,0x00000000a2e25340,0x00000000ad200000)
 Metaspace       used 76167K, capacity 79008K, committed 79104K, reserved 1118208K
  class space    used 9842K, capacity 10477K, committed 10496K, reserved 1048576K
}
Event: 233.536 GC heap before
{Heap before GC invocations=15 (full 3):
 PSYoungGen      total 360448K, used 351048K [0x00000000e0000000, 0x00000000f9400000, 0x0000000100000000)
  eden space 333312K, 100% used [0x00000000e0000000,0x00000000f4580000,0x00000000f4580000)
  from space 27136K, 65% used [0x00000000f5f00000,0x00000000f70521d8,0x00000000f7980000)
  to   space 24576K, 0% used [0x00000000f7c00000,0x00000000f7c00000,0x00000000f9400000)
 ParOldGen       total 215040K, used 47252K [0x00000000a0000000, 0x00000000ad200000, 0x00000000e0000000)
  object space 215040K, 21% used [0x00000000a0000000,0x00000000a2e25340,0x00000000ad200000)
 Metaspace       used 76683K, capacity 79676K, committed 79744K, reserved 1118208K
  class space    used 9919K, capacity 10613K, committed 10624K, reserved 1048576K
Event: 233.553 GC heap after
Heap after GC invocations=15 (full 3):
 PSYoungGen      total 357888K, used 1094K [0x00000000e0000000, 0x00000000f9400000, 0x0000000100000000)
  eden space 333312K, 0% used [0x00000000e0000000,0x00000000e0000000,0x00000000f4580000)
  from space 24576K, 4% used [0x00000000f7c00000,0x00000000f7d11bc0,0x00000000f9400000)
  to   space 27136K, 0% used [0x00000000f5f00000,0x00000000f5f00000,0x00000000f7980000)
 ParOldGen       total 215040K, used 60308K [0x00000000a0000000, 0x00000000ad200000, 0x00000000e0000000)
  object space 215040K, 28% used [0x00000000a0000000,0x00000000a3ae50f0,0x00000000ad200000)
 Metaspace       used 76683K, capacity 79676K, committed 79744K, reserved 1118208K
  class space    used 9919K, capacity 10613K, committed 10624K, reserved 1048576K
}

